<?xml version="1.0" encoding="UTF-8"?>
<!-- Generated by org.testng.reporters.JUnitXMLReporter -->
<testsuite ignored="0" hostname="LAPTOP-NJB44I7J" failures="0" tests="3" name="google dicussion" time="95.36" errors="0" timestamp="2022-05-07T17:36:17 IST">
  <testcase classname="testdiscussion.TestPractice" name="browser" time="2.546"/>
  <testcase classname="testdiscussion.TestPractice" name="search" time="30.395"/>
  <testcase classname="testdiscussion.Testclass2" name="google" time="62.342"/>
</testsuite> <!-- google dicussion -->
